time="2023-01-21T15:34:15+06:00" level=info msg="Create route" func="main.main()" file="main.go:42"
time="2023-01-21T15:35:55+06:00" level=info msg="Create route" func="main.main()" file="main.go:42"
time="2023-01-21T15:36:00+06:00" level=info msg="Open register file" func="main.register()" file="main.go:52"
time="2023-01-21T15:37:36+06:00" level=info msg="Create route" func="main.main()" file="main.go:42"
time="2023-01-21T15:37:54+06:00" level=info msg="Create a new user" func="main.register()" file="main.go:86"
time="2023-01-21T15:39:56+06:00" level=info msg="Create route" func="main.main()" file="main.go:42"
time="2023-01-21T16:12:16+06:00" level=info msg="Create route" func="main.main()" file="main.go:11"
time="2023-01-21T16:12:35+06:00" level=info msg="Create a new user" func="MongoDb/Handlers.Register()" file="handler.go:70"
time="2023-01-21T16:17:09+06:00" level=info msg="Connected to a database" func="MongoDb/Handlers.init.0()" file="handler.go:33"
time="2023-01-21T16:17:09+06:00" level=info msg="Create route" func="main.main()" file="main.go:11"
time="2023-01-21T16:17:33+06:00" level=info msg="Create a new user ii@gmail.com" func="MongoDb/Handlers.Register()" file="handler.go:72"
time="2023-01-21T16:18:03+06:00" level=info msg="You do log in" func="MongoDb/Handlers.Login()" file="handler.go:114"
time="2023-01-21T16:19:45+06:00" level=info msg="Connected to a database" func="MongoDb/Handlers.init.0()" file="handler.go:33"
time="2023-01-21T16:19:45+06:00" level=info msg="Create route" func="main.main()" file="main.go:11"
time="2023-01-21T16:19:57+06:00" level=info msg="Create a new user tt@gmail.com" func="MongoDb/Handlers.Register()" file="handler.go:72"
time="2023-01-21T16:20:16+06:00" level=info msg="tt@gmail.com log in" func="MongoDb/Handlers.Login()" file="handler.go:114"
time="2023-01-21T16:20:20+06:00" level=info msg=" do log out" func="MongoDb/Handlers.Logout()" file="handler.go:132"
time="2023-01-21T16:25:53+06:00" level=info msg="Connected to a database" func="MongoDb/Handlers.init.0()" file="handler.go:35"
time="2023-01-21T16:25:53+06:00" level=info msg="Create route" func="main.main()" file="main.go:11"
time="2023-01-21T16:25:57+06:00" level=info msg="amangalimuratali@gmail.com log in" func="MongoDb/Handlers.Login()" file="handler.go:117"
time="2023-01-21T16:26:01+06:00" level=info msg="amangalimuratali@gmail.com do log out" func="MongoDb/Handlers.Logout()" file="handler.go:134"
time="2023-01-21T16:28:05+06:00" level=info msg="Connected to a database" func="MongoDb/Handlers.init.0()" file="handler.go:35"
time="2023-01-21T16:28:05+06:00" level=info msg="Create route" func="main.main()" file="main.go:11"
time="2023-01-21T16:28:10+06:00" level=info msg="amangalimuratali@gmail.com log in" func="MongoDb/Handlers.Login()" file="handler.go:117"
time="2023-01-21T16:28:13+06:00" level=info msg="amangalimuratali@gmail.com do log out" func="MongoDb/Handlers.Logout()" file="handler.go:134"
time="2023-01-21T16:28:22+06:00" level=info msg="i@gmail.com log in" func="MongoDb/Handlers.Login()" file="handler.go:117"
time="2023-01-21T16:28:26+06:00" level=info msg="i@gmail.com do log out" func="MongoDb/Handlers.Logout()" file="handler.go:134"
time="2023-01-21T16:28:41+06:00" level=info msg="amangalimuratali@gmail.com log in" func="MongoDb/Handlers.Login()" file="handler.go:117"
time="2023-01-21T16:29:47+06:00" level=info msg="Connected to a database" func="MongoDb/Handlers.init.0()" file="handler.go:35"
time="2023-01-21T16:29:47+06:00" level=info msg="Create route" func="main.main()" file="main.go:11"
time="2023-01-21T16:29:51+06:00" level=info msg=" do log out" func="MongoDb/Handlers.Logout()" file="handler.go:134"
time="2023-01-21T16:29:53+06:00" level=info msg="amangalimuratali@gmail.com log in" func="MongoDb/Handlers.Login()" file="handler.go:117"
time="2023-01-21T16:30:11+06:00" level=info msg="Connected to a database" func="MongoDb/Handlers.init.0()" file="handler.go:35"
time="2023-01-21T16:30:11+06:00" level=info msg="Create route" func="main.main()" file="main.go:11"
time="2023-01-21T16:30:14+06:00" level=info msg="amangalimuratali@gmail.com log in" func="MongoDb/Handlers.Login()" file="handler.go:117"
time="2023-01-21T16:44:01+06:00" level=info msg="Connected to a database" func="MongoDb/Handlers.init.0()" file="handler.go:40"
time="2023-01-21T16:44:01+06:00" level=info msg="Create route" func="main.main()" file="main.go:11"
time="2023-01-21T16:44:10+06:00" level=info msg="amangalimuratali@gmail.com log in" func="MongoDb/Handlers.Login()" file="handler.go:122"
time="2023-01-21T16:47:04+06:00" level=info msg="Connected to a database" func="MongoDb/Handlers.init.0()" file="handler.go:40"
time="2023-01-21T16:47:04+06:00" level=info msg="Create route" func="main.main()" file="main.go:11"
time="2023-01-21T16:47:12+06:00" level=info msg="amangalimuratali@gmail.com log in" func="MongoDb/Handlers.Login()" file="handler.go:122"
time="2023-01-21T16:47:29+06:00" level=info msg="amangalimuratali@gmail.com do log out" func="MongoDb/Handlers.Logout()" file="handler.go:139"
time="2023-01-21T16:47:37+06:00" level=info msg="amangalimuratali@gmail.com log in" func="MongoDb/Handlers.Login()" file="handler.go:122"
time="2023-01-21T16:53:05+06:00" level=info msg="Connected to a database" func="MongoDb/Handlers.init.0()" file="handler.go:40"
time="2023-01-21T16:53:05+06:00" level=info msg="Create route" func="main.main()" file="main.go:11"
time="2023-01-21T16:53:24+06:00" level=info msg="amangalimuratali@gmail.com log in" func="MongoDb/Handlers.Login()" file="handler.go:122"
time="2023-01-21T16:53:29+06:00" level=info msg="amangalimuratali@gmail.com do log out" func="MongoDb/Handlers.Logout()" file="handler.go:139"
time="2023-01-21T16:53:47+06:00" level=info msg="Connected to a database" func="MongoDb/Handlers.init.0()" file="handler.go:40"
time="2023-01-21T16:53:47+06:00" level=info msg="Create route" func="main.main()" file="main.go:11"
time="2023-01-21T16:53:49+06:00" level=info msg="amangalimuratali@gmail.com log in" func="MongoDb/Handlers.Login()" file="handler.go:122"
time="2023-01-21T16:53:52+06:00" level=info msg="amangalimuratali@gmail.com do log out" func="MongoDb/Handlers.Logout()" file="handler.go:139"
time="2023-01-21T16:54:02+06:00" level=info msg="i@gmail.com log in" func="MongoDb/Handlers.Login()" file="handler.go:122"
time="2023-01-21T16:54:07+06:00" level=info msg="i@gmail.com do log out" func="MongoDb/Handlers.Logout()" file="handler.go:139"
time="2023-01-21T16:55:51+06:00" level=info msg="Connected to a database" func="MongoDb/Handlers.init.0()" file="handler.go:40"
time="2023-01-21T16:55:51+06:00" level=info msg="Create route" func="main.main()" file="main.go:11"
time="2023-01-21T16:55:54+06:00" level=info msg="amangalimuratali@gmail.com log in" func="MongoDb/Handlers.Login()" file="handler.go:122"
time="2023-01-21T16:59:31+06:00" level=info msg="Connected to a database" func="MongoDb/Handlers.init.0()" file="handler.go:40"
time="2023-01-21T16:59:31+06:00" level=info msg="Create route" func="main.main()" file="main.go:11"
time="2023-01-21T16:59:41+06:00" level=info msg="Connected to a database" func="MongoDb/Handlers.init.0()" file="handler.go:40"
time="2023-01-21T16:59:41+06:00" level=info msg="Create route" func="main.main()" file="main.go:11"
time="2023-01-21T16:59:49+06:00" level=info msg="amangalimuratali@gmail.com log in" func="MongoDb/Handlers.Login()" file="handler.go:122"
time="2023-01-21T17:00:03+06:00" level=info msg="amangalimuratali@gmail.com do log out" func="MongoDb/Handlers.Logout()" file="handler.go:139"
time="2023-01-21T17:02:54+06:00" level=info msg="Connected to a database" func="MongoDb/Handlers.init.0()" file="handler.go:40"
time="2023-01-21T17:02:54+06:00" level=info msg="Create route" func="main.main()" file="main.go:11"
time="2023-01-21T17:02:57+06:00" level=info msg="amangalimuratali@gmail.com log in" func="MongoDb/Handlers.Login()" file="handler.go:122"
time="2023-01-21T17:05:06+06:00" level=info msg="Connected to a database" func="MongoDb/Handlers.init.0()" file="handler.go:40"
time="2023-01-21T17:05:06+06:00" level=info msg="Create route" func="main.main()" file="main.go:11"
time="2023-01-21T17:05:11+06:00" level=info msg="amangalimuratali@gmail.com log in" func="MongoDb/Handlers.Login()" file="handler.go:122"
time="2023-01-21T17:05:17+06:00" level=info msg="amangalimuratali@gmail.com log in" func="MongoDb/Handlers.Login()" file="handler.go:122"
time="2023-01-21T17:05:44+06:00" level=info msg="Connected to a database" func="MongoDb/Handlers.init.0()" file="handler.go:40"
time="2023-01-21T17:05:44+06:00" level=info msg="Create route" func="main.main()" file="main.go:11"
time="2023-01-21T17:05:47+06:00" level=info msg="amangalimuratali@gmail.com log in" func="MongoDb/Handlers.Login()" file="handler.go:122"
time="2023-01-21T17:06:24+06:00" level=info msg="amangalimuratali@gmail.com do log out" func="MongoDb/Handlers.Logout()" file="handler.go:139"
time="2023-01-21T17:06:26+06:00" level=info msg="amangalimuratali@gmail.com log in" func="MongoDb/Handlers.Login()" file="handler.go:122"
time="2023-01-21T17:09:40+06:00" level=info msg="Connected to a database" func="MongoDb/Handlers.init.0()" file="handler.go:40"
time="2023-01-21T17:09:40+06:00" level=info msg="Create route" func="main.main()" file="main.go:11"
time="2023-01-21T17:09:47+06:00" level=info msg="amangalimuratali@gmail.com log in" func="MongoDb/Handlers.Login()" file="handler.go:122"
time="2023-01-21T17:09:50+06:00" level=info msg="amangalimuratali@gmail.com log in" func="MongoDb/Handlers.Login()" file="handler.go:122"
time="2023-01-21T17:11:06+06:00" level=info msg="Connected to a database" func="MongoDb/Handlers.init.0()" file="handler.go:40"
time="2023-01-21T17:11:06+06:00" level=info msg="Create route" func="main.main()" file="main.go:11"
time="2023-01-21T17:11:10+06:00" level=info msg="amangalimuratali@gmail.com log in" func="MongoDb/Handlers.Login()" file="handler.go:122"
time="2023-01-21T17:11:13+06:00" level=info msg="amangalimuratali@gmail.com do log out" func="MongoDb/Handlers.Logout()" file="handler.go:139"
time="2023-01-21T17:11:15+06:00" level=info msg="amangalimuratali@gmail.com log in" func="MongoDb/Handlers.Login()" file="handler.go:122"
time="2023-01-21T17:14:03+06:00" level=info msg="Connected to a database" func="MongoDb/Handlers.init.0()" file="handler.go:40"
time="2023-01-21T17:14:03+06:00" level=info msg="Create route" func="main.main()" file="main.go:11"
time="2023-01-21T17:14:06+06:00" level=info msg="amangalimuratali@gmail.com log in" func="MongoDb/Handlers.Login()" file="handler.go:122"
time="2023-01-21T17:14:17+06:00" level=info msg="amangalimuratali@gmail.com do log out" func="MongoDb/Handlers.Logout()" file="handler.go:139"
time="2023-01-21T17:16:04+06:00" level=info msg="Connected to a database" func="MongoDb/Handlers.init.0()" file="handler.go:40"
time="2023-01-21T17:16:04+06:00" level=info msg="Create route" func="main.main()" file="main.go:11"
time="2023-01-21T17:16:09+06:00" level=info msg="amangalimuratali@gmail.com log in" func="MongoDb/Handlers.Login()" file="handler.go:122"
time="2023-01-21T17:22:26+06:00" level=info msg="Connected to a database" func="MongoDb/Handlers.init.0()" file="handler.go:40"
time="2023-01-21T17:22:26+06:00" level=info msg="Create route" func="main.main()" file="main.go:11"
time="2023-01-21T17:22:33+06:00" level=info msg="amangalimuratali@gmail.com log in" func="MongoDb/Handlers.Login()" file="handler.go:122"
time="2023-01-21T17:25:55+06:00" level=info msg="Connected to a database" func="MongoDb/Handlers.init.0()" file="handler.go:40"
time="2023-01-21T17:25:55+06:00" level=info msg="Create route" func="main.main()" file="main.go:11"
time="2023-01-21T17:26:00+06:00" level=info msg="amangalimuratali@gmail.com log in" func="MongoDb/Handlers.Login()" file="handler.go:122"
time="2023-01-21T17:26:46+06:00" level=info msg="Connected to a database" func="MongoDb/Handlers.init.0()" file="handler.go:40"
time="2023-01-21T17:26:46+06:00" level=info msg="Create route" func="main.main()" file="main.go:11"
time="2023-01-21T17:26:59+06:00" level=info msg="amangalimuratali@gmail.com log in" func="MongoDb/Handlers.Login()" file="handler.go:122"
time="2023-01-21T17:27:37+06:00" level=info msg="Connected to a database" func="MongoDb/Handlers.init.0()" file="handler.go:40"
time="2023-01-21T17:27:37+06:00" level=info msg="Create route" func="main.main()" file="main.go:11"
time="2023-01-21T17:27:42+06:00" level=info msg="amangalimuratali@gmail.com log in" func="MongoDb/Handlers.Login()" file="handler.go:122"
time="2023-01-21T17:27:54+06:00" level=info msg="amangalimuratali@gmail.com do log out" func="MongoDb/Handlers.Logout()" file="handler.go:139"
